0 info it worked if it ends with ok
1 verbose cli [ 'node', '/usr/local/bin/npm', 'install', 'apidoc', '-g' ]
2 info using npm@1.4.28
3 info using node@v0.10.36
4 verbose cache add [ 'apidoc', null ]
5 verbose cache add name=undefined spec="apidoc" args=["apidoc",null]
6 verbose parsed url { protocol: null,
6 verbose parsed url   slashes: null,
6 verbose parsed url   auth: null,
6 verbose parsed url   host: null,
6 verbose parsed url   port: null,
6 verbose parsed url   hostname: null,
6 verbose parsed url   hash: null,
6 verbose parsed url   search: null,
6 verbose parsed url   query: null,
6 verbose parsed url   pathname: 'apidoc',
6 verbose parsed url   path: 'apidoc',
6 verbose parsed url   href: 'apidoc' }
7 silly lockFile b7224f5a-apidoc apidoc
8 verbose lock apidoc /Users/stanislavmenshykh/.npm/b7224f5a-apidoc.lock
9 silly lockFile b7224f5a-apidoc apidoc
10 silly lockFile b7224f5a-apidoc apidoc
11 verbose addNamed [ 'apidoc', '' ]
12 verbose addNamed [ null, '*' ]
13 silly lockFile a3b73c7a-apidoc apidoc@
14 verbose lock apidoc@ /Users/stanislavmenshykh/.npm/a3b73c7a-apidoc.lock
15 silly addNameRange { name: 'apidoc', range: '*', hasData: false }
16 verbose request where is /apidoc
17 verbose request registry https://registry.npmjs.org/
18 verbose request id 14b0f9e3fbe5ff3b
19 verbose url raw /apidoc
20 verbose url resolving [ 'https://registry.npmjs.org/', './apidoc' ]
21 verbose url resolved https://registry.npmjs.org/apidoc
22 verbose request where is https://registry.npmjs.org/apidoc
23 info trying registry request attempt 1 at 20:20:05
24 http GET https://registry.npmjs.org/apidoc
25 http 200 https://registry.npmjs.org/apidoc
26 silly registry.get cb [ 200,
26 silly registry.get   { date: 'Tue, 21 Apr 2015 17:20:10 GMT',
26 silly registry.get     server: 'CouchDB/1.5.0 (Erlang OTP/R16B03)',
26 silly registry.get     etag: '"2GT9RHY30R0S6W6KFEG7JCIFW"',
26 silly registry.get     'content-type': 'application/json',
26 silly registry.get     'cache-control': 'max-age=60',
26 silly registry.get     'content-length': '62255',
26 silly registry.get     'accept-ranges': 'bytes',
26 silly registry.get     via: '1.1 varnish',
26 silly registry.get     age: '0',
26 silly registry.get     'x-served-by': 'cache-fra1221-FRA',
26 silly registry.get     'x-cache': 'HIT',
26 silly registry.get     'x-cache-hits': '1',
26 silly registry.get     'x-timer': 'S1429636810.547338,VS0,VE431',
26 silly registry.get     vary: 'Accept',
26 silly registry.get     'keep-alive': 'timeout=10, max=50',
26 silly registry.get     connection: 'Keep-Alive' } ]
27 silly addNameRange number 2 { name: 'apidoc', range: '*', hasData: true }
28 silly addNameRange versions [ 'apidoc',
28 silly addNameRange   [ '0.1.5',
28 silly addNameRange     '0.1.6',
28 silly addNameRange     '0.1.7',
28 silly addNameRange     '0.1.8',
28 silly addNameRange     '0.1.9',
28 silly addNameRange     '0.1.10',
28 silly addNameRange     '0.1.11',
28 silly addNameRange     '0.2.0',
28 silly addNameRange     '0.2.1',
28 silly addNameRange     '0.2.2',
28 silly addNameRange     '0.2.3',
28 silly addNameRange     '0.2.4',
28 silly addNameRange     '0.2.5',
28 silly addNameRange     '0.2.6',
28 silly addNameRange     '0.2.7',
28 silly addNameRange     '0.2.8',
28 silly addNameRange     '0.3.0',
28 silly addNameRange     '0.4.0',
28 silly addNameRange     '0.4.1',
28 silly addNameRange     '0.4.2',
28 silly addNameRange     '0.4.3',
28 silly addNameRange     '0.4.4',
28 silly addNameRange     '0.5.0',
28 silly addNameRange     '0.5.1',
28 silly addNameRange     '0.5.2',
28 silly addNameRange     '0.6.0',
28 silly addNameRange     '0.6.1',
28 silly addNameRange     '0.6.2',
28 silly addNameRange     '0.6.3',
28 silly addNameRange     '0.6.4',
28 silly addNameRange     '0.6.5',
28 silly addNameRange     '0.7.0',
28 silly addNameRange     '0.7.1',
28 silly addNameRange     '0.7.2',
28 silly addNameRange     '0.8.0',
28 silly addNameRange     '0.8.1',
28 silly addNameRange     '0.8.2',
28 silly addNameRange     '0.9.0',
28 silly addNameRange     '0.9.1',
28 silly addNameRange     '0.10.0',
28 silly addNameRange     '0.10.1',
28 silly addNameRange     '0.11.0',
28 silly addNameRange     '0.12.0',
28 silly addNameRange     '0.12.1',
28 silly addNameRange     '0.12.2',
28 silly addNameRange     '0.12.3' ] ]
29 verbose addNamed [ 'apidoc', '0.12.3' ]
30 verbose addNamed [ '0.12.3', '0.12.3' ]
31 silly lockFile bdc05196-apidoc-0-12-3 apidoc@0.12.3
32 verbose lock apidoc@0.12.3 /Users/stanislavmenshykh/.npm/bdc05196-apidoc-0-12-3.lock
33 silly lockFile f3e06fdd-mjs-org-apidoc-apidoc-0-12-3-tgz https://registry.npmjs.org/apidoc/-/apidoc-0.12.3.tgz
34 verbose lock https://registry.npmjs.org/apidoc/-/apidoc-0.12.3.tgz /Users/stanislavmenshykh/.npm/f3e06fdd-mjs-org-apidoc-apidoc-0-12-3-tgz.lock
35 verbose addRemoteTarball [ 'https://registry.npmjs.org/apidoc/-/apidoc-0.12.3.tgz',
35 verbose addRemoteTarball   '0f25b45cc3f3099088d1e4e993e89d479ad6494e' ]
36 info retry fetch attempt 1 at 20:20:06
37 verbose fetch to= /var/folders/mj/djg9_yfd1r50n2b9_cn1mpbh0000gn/T/npm-15127-I0ah8vXx/registry.npmjs.org/apidoc/-/apidoc-0.12.3.tgz
38 http GET https://registry.npmjs.org/apidoc/-/apidoc-0.12.3.tgz
39 http 200 https://registry.npmjs.org/apidoc/-/apidoc-0.12.3.tgz
40 silly lockFile f3e06fdd-mjs-org-apidoc-apidoc-0-12-3-tgz https://registry.npmjs.org/apidoc/-/apidoc-0.12.3.tgz
41 silly lockFile f3e06fdd-mjs-org-apidoc-apidoc-0-12-3-tgz https://registry.npmjs.org/apidoc/-/apidoc-0.12.3.tgz
42 silly lockFile bdc05196-apidoc-0-12-3 apidoc@0.12.3
43 silly lockFile bdc05196-apidoc-0-12-3 apidoc@0.12.3
44 silly lockFile a3b73c7a-apidoc apidoc@
45 silly lockFile a3b73c7a-apidoc apidoc@
46 silly resolved [ { name: 'apidoc',
46 silly resolved     version: '0.12.3',
46 silly resolved     description: 'RESTful web API Documentation Generator',
46 silly resolved     author: { name: 'Peter Rottmann', email: 'rottmann@inveris.de' },
46 silly resolved     license:
46 silly resolved      { type: 'MIT',
46 silly resolved        url: 'https://github.com/apidoc/apidoc/blob/master/LICENSE' },
46 silly resolved     preferGlobal: true,
46 silly resolved     bin: { apidoc: 'bin/apidoc' },
46 silly resolved     main: './lib/index.js',
46 silly resolved     homepage: 'http://apidocjs.com',
46 silly resolved     repository: { type: 'git', url: 'https://github.com/apidoc/apidoc.git' },
46 silly resolved     bugs: { url: 'https://github.com/apidoc/apidoc/issues' },
46 silly resolved     scripts:
46 silly resolved      { test: 'npm run jshint && mocha test/',
46 silly resolved        jshint: 'jshint lib/ test/',
46 silly resolved        'build-example': 'bin/apidoc -i example/ -o tmp/',
46 silly resolved        'check-updates': 'npm-check-updates' },
46 silly resolved     keywords: [ 'api', 'apidoc', 'doc', 'documentation', 'rest', 'restful' ],
46 silly resolved     engines: { node: '>= 0.10.0' },
46 silly resolved     dependencies:
46 silly resolved      { 'apidoc-core': '~0.3.2',
46 silly resolved        'fs-extra': '~0.18.1',
46 silly resolved        lodash: '~3.6.0',
46 silly resolved        marked: '~0.3.3',
46 silly resolved        nomnom: '~1.8.1',
46 silly resolved        winston: '~1.0.0' },
46 silly resolved     devDependencies:
46 silly resolved      { 'apidoc-example': '*',
46 silly resolved        jshint: '^2.7.0',
46 silly resolved        mocha: '~2.2.4',
46 silly resolved        'npm-check-updates': '^1.5.1',
46 silly resolved        'path-to-regexp': '^1.0.3',
46 silly resolved        semver: '^4.3.3',
46 silly resolved        should: '~6.0.1' },
46 silly resolved     jshintConfig:
46 silly resolved      { camelcase: true,
46 silly resolved        curly: false,
46 silly resolved        eqeqeq: true,
46 silly resolved        forin: true,
46 silly resolved        latedef: false,
46 silly resolved        newcap: true,
46 silly resolved        undef: true,
46 silly resolved        unused: true,
46 silly resolved        trailing: true,
46 silly resolved        node: true,
46 silly resolved        browser: true,
46 silly resolved        predef: [Object] },
46 silly resolved     gitHead: '139a502b46a716ccaa1cde5b68e9c1c8eccd89a4',
46 silly resolved     _id: 'apidoc@0.12.3',
46 silly resolved     _shasum: '0f25b45cc3f3099088d1e4e993e89d479ad6494e',
46 silly resolved     _from: 'apidoc@',
46 silly resolved     _npmVersion: '2.5.1',
46 silly resolved     _nodeVersion: '1.2.0',
46 silly resolved     _npmUser: { name: 'apidoc', email: 'info@apidocjs.com' },
46 silly resolved     dist:
46 silly resolved      { shasum: '0f25b45cc3f3099088d1e4e993e89d479ad6494e',
46 silly resolved        tarball: 'http://registry.npmjs.org/apidoc/-/apidoc-0.12.3.tgz' },
46 silly resolved     maintainers: [ [Object] ],
46 silly resolved     directories: {},
46 silly resolved     _resolved: 'https://registry.npmjs.org/apidoc/-/apidoc-0.12.3.tgz' } ]
47 info install apidoc@0.12.3 into /usr/local/lib
48 info installOne apidoc@0.12.3
49 verbose lib/node_modules/apidoc unbuild
50 verbose tar unpack /Users/stanislavmenshykh/.npm/apidoc/0.12.3/package.tgz
51 silly lockFile 6d159cb6-sr-local-lib-node-modules-apidoc tar:///usr/local/lib/node_modules/apidoc
52 verbose lock tar:///usr/local/lib/node_modules/apidoc /Users/stanislavmenshykh/.npm/6d159cb6-sr-local-lib-node-modules-apidoc.lock
53 silly lockFile 831fe21e-kh-npm-apidoc-0-12-3-package-tgz tar:///Users/stanislavmenshykh/.npm/apidoc/0.12.3/package.tgz
54 verbose lock tar:///Users/stanislavmenshykh/.npm/apidoc/0.12.3/package.tgz /Users/stanislavmenshykh/.npm/831fe21e-kh-npm-apidoc-0-12-3-package-tgz.lock
55 silly gunzTarPerm modes [ '755', '644' ]
56 error Error: EACCES, mkdir '/usr/local/lib/node_modules/apidoc'
56 error  { [Error: EACCES, mkdir '/usr/local/lib/node_modules/apidoc']
56 error   errno: 3,
56 error   code: 'EACCES',
56 error   path: '/usr/local/lib/node_modules/apidoc',
56 error   fstream_type: 'Directory',
56 error   fstream_path: '/usr/local/lib/node_modules/apidoc',
56 error   fstream_class: 'DirWriter',
56 error   fstream_stack:
56 error    [ '/usr/local/lib/node_modules/npm/node_modules/fstream/lib/dir-writer.js:36:23',
56 error      '/usr/local/lib/node_modules/npm/node_modules/mkdirp/index.js:46:53',
56 error      'Object.oncomplete (fs.js:108:15)' ] }
57 error Please try running this command again as root/Administrator.
58 error System Darwin 13.3.0
59 error command "node" "/usr/local/bin/npm" "install" "apidoc" "-g"
60 error cwd /Users/stanislavmenshykh/phalcon.local/build
61 error node -v v0.10.36
62 error npm -v 1.4.28
63 error path /usr/local/lib/node_modules/apidoc
64 error fstream_path /usr/local/lib/node_modules/apidoc
65 error fstream_type Directory
66 error fstream_class DirWriter
67 error code EACCES
68 error errno 3
69 error stack Error: EACCES, mkdir '/usr/local/lib/node_modules/apidoc'
70 error fstream_stack /usr/local/lib/node_modules/npm/node_modules/fstream/lib/dir-writer.js:36:23
70 error fstream_stack /usr/local/lib/node_modules/npm/node_modules/mkdirp/index.js:46:53
70 error fstream_stack Object.oncomplete (fs.js:108:15)
71 verbose exit [ 3, true ]
